<?xml version="1.0" encoding="UTF-8"?>
<!-- Generated by org.testng.reporters.JUnitXMLReporter -->
<testsuite ignored="0" hostname="DESKTOP-97O8BQV" failures="0" tests="7" name="Default test" time="8.196" errors="0" timestamp="2020-09-21T01:29:29 EDT">
  <testcase classname="OnlineClass" name="verifyGitLabHomePage" time="0.923"/>
  <testcase classname="OnlineClass" name="onlineClassLoginPage" time="0.382"/>
  <testcase classname="OnlineClass" name="onlineClassTeacherPage" time="0.16"/>
  <testcase classname="OnlineClass" name="createQuizPage" time="0.766"/>
  <testcase classname="OnlineClass" name="assignToStudentPage" time="0.391"/>
  <testcase classname="OnlineClass" name="nextPage" time="0.349"/>
  <testcase classname="OnlineClass" name="invokeQuizPage" time="0.194"/>
</testsuite> <!-- Default test -->
