<?xml version="1.0" encoding="UTF-8"?>
<testng-results ignored="0" total="7" passed="7" failed="0" skipped="0">
  <reporter-output>
  </reporter-output>
  <suite started-at="2020-09-21T01:29:20 EDT" name="Default suite" finished-at="2020-09-21T01:29:29 EDT" duration-ms="8196">
    <groups>
    </groups>
    <test started-at="2020-09-21T01:29:20 EDT" name="Default test" finished-at="2020-09-21T01:29:29 EDT" duration-ms="8196">
      <class name="OnlineClass">
        <test-method is-config="true" signature="initiateWebDriver()[pri:0, instance:OnlineClass@2dde1bff]" started-at="2020-09-21T01:29:20 EDT" name="initiateWebDriver" finished-at="2020-09-21T01:29:25 EDT" duration-ms="4969" status="PASS">
          <reporter-output>
          </reporter-output>
        </test-method> <!-- initiateWebDriver -->
        <test-method signature="verifyGitLabHomePage()[pri:0, instance:OnlineClass@2dde1bff]" started-at="2020-09-21T01:29:25 EDT" name="verifyGitLabHomePage" finished-at="2020-09-21T01:29:26 EDT" duration-ms="923" status="PASS">
          <reporter-output>
          </reporter-output>
        </test-method> <!-- verifyGitLabHomePage -->
        <test-method signature="onlineClassLoginPage()[pri:1, instance:OnlineClass@2dde1bff]" started-at="2020-09-21T01:29:26 EDT" name="onlineClassLoginPage" finished-at="2020-09-21T01:29:27 EDT" depends-on-methods="OnlineClass.verifyGitLabHomePage" duration-ms="382" status="PASS">
          <reporter-output>
          </reporter-output>
        </test-method> <!-- onlineClassLoginPage -->
        <test-method signature="onlineClassTeacherPage()[pri:2, instance:OnlineClass@2dde1bff]" started-at="2020-09-21T01:29:27 EDT" name="onlineClassTeacherPage" finished-at="2020-09-21T01:29:27 EDT" depends-on-methods="OnlineClass.onlineClassLoginPage" duration-ms="160" status="PASS">
          <reporter-output>
          </reporter-output>
        </test-method> <!-- onlineClassTeacherPage -->
        <test-method signature="createQuizPage()[pri:1, instance:OnlineClass@2dde1bff]" started-at="2020-09-21T01:29:27 EDT" name="createQuizPage" finished-at="2020-09-21T01:29:28 EDT" depends-on-methods="OnlineClass.onlineClassTeacherPage" duration-ms="766" status="PASS">
          <reporter-output>
          </reporter-output>
        </test-method> <!-- createQuizPage -->
        <test-method signature="assignToStudentPage()[pri:1, instance:OnlineClass@2dde1bff]" started-at="2020-09-21T01:29:28 EDT" name="assignToStudentPage" finished-at="2020-09-21T01:29:28 EDT" depends-on-methods="OnlineClass.createQuizPage" duration-ms="391" status="PASS">
          <reporter-output>
          </reporter-output>
        </test-method> <!-- assignToStudentPage -->
        <test-method signature="nextPage()[pri:1, instance:OnlineClass@2dde1bff]" started-at="2020-09-21T01:29:28 EDT" name="nextPage" finished-at="2020-09-21T01:29:28 EDT" depends-on-methods="OnlineClass.assignToStudentPage" duration-ms="349" status="PASS">
          <reporter-output>
          </reporter-output>
        </test-method> <!-- nextPage -->
        <test-method signature="invokeQuizPage()[pri:1, instance:OnlineClass@2dde1bff]" started-at="2020-09-21T01:29:28 EDT" name="invokeQuizPage" finished-at="2020-09-21T01:29:28 EDT" depends-on-methods="OnlineClass.nextPage" duration-ms="194" status="PASS">
          <reporter-output>
          </reporter-output>
        </test-method> <!-- invokeQuizPage -->
      </class> <!-- OnlineClass -->
    </test> <!-- Default test -->
  </suite> <!-- Default suite -->
</testng-results>
